"../../../JobInterviewVR/Content/26_Mat.uasset" 0
"../../../JobInterviewVR/Content/Geometry/Meshes/CubeMaterial.uasset" 1
"../../../JobInterviewVR/Content/Geometry/Meshes/1M_Cube_Chamfer.uasset" 2
"../../../JobInterviewVR/Content/Geometry/Meshes/TemplateFloor.uasset" 3
"../../../JobInterviewVR/Content/Mats/MDS_Colour.uasset" 4
"../../../JobInterviewVR/Content/Mats/stippled-wall-texture_1726999.uasset" 5
"../../../JobInterviewVR/Content/Mats/ROOF.uasset" 6
"../../../JobInterviewVR/Content/Mats/wall.uasset" 7
"../../../JobInterviewVR/Content/Mats/wildtextures-concrete-wall-background.uasset" 8
"../../../JobInterviewVR/Content/Mats/wildtextures-concrete-wall-background_Mat.uasset" 9
"../../../JobInterviewVR/Content/Mats/Artwork-wood-grain.uasset" 10
"../../../JobInterviewVR/Content/Mats/woodDesk.uasset" 11
"../../../JobInterviewVR/Content/StarterContent/Materials/M_AssetPlatform.uasset" 12
"../../../JobInterviewVR/Content/StarterContent/Materials/M_Basic_Floor.uasset" 13
"../../../JobInterviewVR/Content/StarterContent/Textures/T_Brick_Clay_Beveled_D.uasset" 14
"../../../JobInterviewVR/Content/StarterContent/Textures/T_Brick_Clay_Beveled_M.uasset" 15
"../../../JobInterviewVR/Content/StarterContent/Textures/T_Brick_Clay_Beveled_N.uasset" 16
"../../../JobInterviewVR/Content/StarterContent/Textures/T_MacroVariation.uasset" 17
"../../../JobInterviewVR/Content/StarterContent/Materials/M_Brick_Clay_Beveled.uasset" 18
"../../../JobInterviewVR/Content/StarterContent/Textures/T_Brick_Clay_New_D.uasset" 19
"../../../JobInterviewVR/Content/StarterContent/Textures/T_Brick_Clay_New_M.uasset" 20
"../../../JobInterviewVR/Content/StarterContent/Textures/T_Brick_Clay_New_N.uasset" 21
"../../../JobInterviewVR/Content/StarterContent/Textures/T_Detail_Rocky_N.uasset" 22
"../../../JobInterviewVR/Content/StarterContent/Materials/M_Brick_Clay_New.uasset" 23
"../../../JobInterviewVR/Content/StarterContent/Textures/T_Brick_Clay_Old_D.uasset" 24
"../../../JobInterviewVR/Content/StarterContent/Textures/T_Brick_Clay_Old_N.uasset" 25
"../../../JobInterviewVR/Content/StarterContent/Textures/T_Perlin_Noise_M.uasset" 26
"../../../JobInterviewVR/Content/StarterContent/Materials/M_Brick_Clay_Old.uasset" 27
"../../../JobInterviewVR/Content/StarterContent/Textures/T_Brick_Cut_Stone_D.uasset" 28
"../../../JobInterviewVR/Content/StarterContent/Textures/T_Brick_Cut_Stone_N.uasset" 29
"../../../JobInterviewVR/Content/StarterContent/Materials/M_Brick_Cut_Stone.uasset" 30
"../../../JobInterviewVR/Content/StarterContent/Textures/T_Brick_Hewn_Stone_D.uasset" 31
"../../../JobInterviewVR/Content/StarterContent/Textures/T_Brick_Hewn_Stone_M.uasset" 32
"../../../JobInterviewVR/Content/StarterContent/Textures/T_Brick_Hewn_Stone_N.uasset" 33
"../../../JobInterviewVR/Content/StarterContent/Materials/M_Brick_Hewn_Stone.uasset" 34
"../../../JobInterviewVR/Content/StarterContent/Textures/T_Ceramic_Tile_M.uasset" 35
"../../../JobInterviewVR/Content/StarterContent/Textures/T_Ceramic_Tile_N.uasset" 36
"../../../JobInterviewVR/Content/StarterContent/Textures/T_Rock_Marble_Polished_D.uasset" 37
"../../../JobInterviewVR/Content/StarterContent/Materials/M_Ceramic_Tile_Checker.uasset" 38
"../../../JobInterviewVR/Content/StarterContent/Textures/T_CobbleStone_Pebble_D.uasset" 39
"../../../JobInterviewVR/Content/StarterContent/Textures/T_CobbleStone_Pebble_M.uasset" 40
"../../../JobInterviewVR/Content/StarterContent/Textures/T_CobbleStone_Pebble_N.uasset" 41
"../../../JobInterviewVR/Content/StarterContent/Materials/M_CobbleStone_Pebble.uasset" 42
"../../../JobInterviewVR/Content/StarterContent/Textures/T_CobbleStone_Rough_D.uasset" 43
"../../../JobInterviewVR/Content/StarterContent/Textures/T_CobbleStone_Rough_N.uasset" 44
"../../../JobInterviewVR/Content/StarterContent/Textures/T_Gradinet_01.uasset" 45
"../../../JobInterviewVR/Content/StarterContent/Textures/T_Rock_Smooth_Granite_D.uasset" 46
"../../../JobInterviewVR/Content/StarterContent/Materials/M_CobbleStone_Rough.uasset" 47
"../../../JobInterviewVR/Content/StarterContent/Textures/T_CobbleStone_Smooth_D.uasset" 48
"../../../JobInterviewVR/Content/StarterContent/Textures/T_CobbleStone_Smooth_M.uasset" 49
"../../../JobInterviewVR/Content/StarterContent/Textures/T_CobbleStone_Smooth_N.uasset" 50
"../../../JobInterviewVR/Content/StarterContent/Materials/M_CobbleStone_Smooth.uasset" 51
"../../../Engine/Content/EditorMeshes/ColorCalibrator/T_ColorGrid.uasset" 52
"../../../JobInterviewVR/Content/StarterContent/Materials/M_ColorGrid_LowSpec.uasset" 53
"../../../JobInterviewVR/Content/StarterContent/Textures/T_Concrete_Grime_D.uasset" 54
"../../../JobInterviewVR/Content/StarterContent/Textures/T_Metal_Rust_N.uasset" 55
"../../../JobInterviewVR/Content/StarterContent/Materials/M_Concrete_Grime.uasset" 56
"../../../JobInterviewVR/Content/StarterContent/Textures/T_Concrete_Panels_D.uasset" 57
"../../../JobInterviewVR/Content/StarterContent/Textures/T_Concrete_Panels_N.uasset" 58
"../../../JobInterviewVR/Content/StarterContent/Materials/M_Concrete_Panels.uasset" 59
"../../../JobInterviewVR/Content/StarterContent/Textures/T_Concrete_Poured_D.uasset" 60
"../../../JobInterviewVR/Content/StarterContent/Textures/T_Concrete_Poured_N.uasset" 61
"../../../JobInterviewVR/Content/StarterContent/Materials/M_Concrete_Poured.uasset" 62
"../../../Engine/Content/Functions/Engine_MaterialFunctions01/Opacity/CameraDepthFade.uasset" 63
"../../../JobInterviewVR/Content/StarterContent/Textures/T_Concrete_Tiles_D.uasset" 64
"../../../JobInterviewVR/Content/StarterContent/Textures/T_Concrete_Tiles_M.uasset" 65
"../../../JobInterviewVR/Content/StarterContent/Textures/T_Concrete_Tiles_N.uasset" 66
"../../../JobInterviewVR/Content/StarterContent/Textures/T_Concrete_Tiles_Variation_M.uasset" 67
"../../../JobInterviewVR/Content/StarterContent/Materials/M_Concrete_Tiles.uasset" 68
"../../../JobInterviewVR/Content/StarterContent/Materials/M_Glass.uasset" 69
"../../../JobInterviewVR/Content/StarterContent/Textures/T_Ground_Grass_D.uasset" 70
"../../../JobInterviewVR/Content/StarterContent/Textures/T_Ground_Grass_N.uasset" 71
"../../../JobInterviewVR/Content/StarterContent/Materials/M_Ground_Grass.uasset" 72
"../../../JobInterviewVR/Content/StarterContent/Textures/T_Ground_Gravel_D.uasset" 73
"../../../JobInterviewVR/Content/StarterContent/Textures/T_Ground_Gravel_N.uasset" 74
"../../../JobInterviewVR/Content/StarterContent/Materials/M_Ground_Gravel.uasset" 75
"../../../JobInterviewVR/Content/StarterContent/Textures/T_ground_Moss_D.uasset" 76
"../../../JobInterviewVR/Content/StarterContent/Textures/T_Ground_Moss_N.uasset" 77
"../../../JobInterviewVR/Content/StarterContent/Materials/M_Ground_Moss.uasset" 78
"../../../JobInterviewVR/Content/StarterContent/Materials/M_Metal_Brushed_Nickel.uasset" 79
"../../../JobInterviewVR/Content/StarterContent/Textures/T_Metal_Aluminum_D.uasset" 80
"../../../JobInterviewVR/Content/StarterContent/Textures/T_Metal_Gold_N.uasset" 81
"../../../JobInterviewVR/Content/StarterContent/Materials/M_Metal_Burnished_Steel.uasset" 82
"../../../JobInterviewVR/Content/StarterContent/Textures/T_Metal_Copper_D.uasset" 83
"../../../JobInterviewVR/Content/StarterContent/Materials/M_Metal_Copper.uasset" 84
"../../../JobInterviewVR/Content/StarterContent/Textures/T_Metal_Gold_D.uasset" 85
"../../../JobInterviewVR/Content/StarterContent/Materials/M_Metal_Gold.uasset" 86
"../../../Engine/Content/Functions/Engine_MaterialFunctions02/Utility/BlendAngleCorrectedNormals.uasset" 87
"../../../JobInterviewVR/Content/StarterContent/Textures/T_Metal_Rust_D.uasset" 88
"../../../JobInterviewVR/Content/StarterContent/Materials/M_Metal_Rust.uasset" 89
"../../../JobInterviewVR/Content/StarterContent/Textures/T_Metal_Steel_D.uasset" 90
"../../../JobInterviewVR/Content/StarterContent/Textures/T_Metal_Steel_N.uasset" 91
"../../../JobInterviewVR/Content/StarterContent/Materials/M_Metal_Steel.uasset" 92
"../../../JobInterviewVR/Content/StarterContent/Textures/T_Rock_Basalt_D.uasset" 93
"../../../JobInterviewVR/Content/StarterContent/Textures/T_Rock_Basalt_N.uasset" 94
"../../../JobInterviewVR/Content/StarterContent/Materials/M_Rock_Basalt.uasset" 95
"../../../JobInterviewVR/Content/StarterContent/Materials/M_Rock_Marble_Polished.uasset" 96
"../../../JobInterviewVR/Content/StarterContent/Textures/T_Rock_Sandstone_D.uasset" 97
"../../../JobInterviewVR/Content/StarterContent/Textures/T_Rock_Sandstone_N.uasset" 98
"../../../JobInterviewVR/Content/StarterContent/Materials/M_Rock_Sandstone.uasset" 99
"../../../JobInterviewVR/Content/StarterContent/Textures/T_Rock_Slate_D.uasset" 100
"../../../JobInterviewVR/Content/StarterContent/Textures/T_Rock_Slate_N.uasset" 101
"../../../JobInterviewVR/Content/StarterContent/Materials/M_Rock_Slate.uasset" 102
"../../../JobInterviewVR/Content/StarterContent/Textures/T_Checker_Noise_M.uasset" 103
"../../../JobInterviewVR/Content/StarterContent/Textures/T_Single_Tile_N.uasset" 104
"../../../JobInterviewVR/Content/StarterContent/Textures/T_Tech_Dot_M.uasset" 105
"../../../JobInterviewVR/Content/StarterContent/Textures/T_Tech_Dot_N.uasset" 106
"../../../JobInterviewVR/Content/StarterContent/Materials/M_Tech_Checker_Dot.uasset" 107
"../../../JobInterviewVR/Content/StarterContent/Textures/T_Tech_Hex_Tile_M.uasset" 108
"../../../JobInterviewVR/Content/StarterContent/Textures/T_Tech_Hex_Tile_N.uasset" 109
"../../../JobInterviewVR/Content/StarterContent/Materials/M_Tech_Hex_Tile.uasset" 110
"../../../JobInterviewVR/Content/StarterContent/Materials/M_Tech_Hex_Tile_Pulse.uasset" 111
"../../../JobInterviewVR/Content/StarterContent/Textures/T_Tech_Panel_M.uasset" 112
"../../../JobInterviewVR/Content/StarterContent/Textures/T_Tech_Panel_N.uasset" 113
"../../../JobInterviewVR/Content/StarterContent/Materials/M_Tech_Panel.uasset" 114
"../../../JobInterviewVR/Content/StarterContent/Textures/T_Water_N.uasset" 115
"../../../JobInterviewVR/Content/StarterContent/Materials/M_Water_Lake.uasset" 116
"../../../JobInterviewVR/Content/StarterContent/Textures/T_Water_M.uasset" 117
"../../../JobInterviewVR/Content/StarterContent/Materials/M_Water_Ocean.uasset" 118
"../../../JobInterviewVR/Content/StarterContent/Textures/T_Wood_Floor_Walnut_D.uasset" 119
"../../../JobInterviewVR/Content/StarterContent/Textures/T_Wood_Floor_Walnut_M.uasset" 120
"../../../JobInterviewVR/Content/StarterContent/Textures/T_Wood_Floor_Walnut_N.uasset" 121
"../../../JobInterviewVR/Content/StarterContent/Materials/M_Wood_Floor_Walnut_Polished.uasset" 122
"../../../Engine/Content/Functions/Engine_MaterialFunctions01/Opacity/AlphaOffset.uasset" 123
"../../../JobInterviewVR/Content/StarterContent/Materials/M_Wood_Floor_Walnut_Worn.uasset" 124
"../../../JobInterviewVR/Content/StarterContent/Textures/T_Wood_Pine_D.uasset" 125
"../../../JobInterviewVR/Content/StarterContent/Textures/T_Wood_Pine_N.uasset" 126
"../../../JobInterviewVR/Content/StarterContent/Materials/M_Wood_Pine.uasset" 127
"../../../JobInterviewVR/Content/StarterContent/Textures/T_Wood_Walnut_D.uasset" 128
"../../../JobInterviewVR/Content/StarterContent/Textures/T_Wood_Walnut_N.uasset" 129
"../../../JobInterviewVR/Content/StarterContent/Materials/M_Wood_Walnut.uasset" 130
"../../../JobInterviewVR/Content/VirtualRealityBP/Blueprints/PickupActorInterface.uasset" 131
"../../../JobInterviewVR/Content/VirtualReality/Materials/M_BaseMaterial.uasset" 132
"../../../JobInterviewVR/Content/VirtualReality/Materials/MI_SmallCubes.uasset" 133
"../../../JobInterviewVR/Content/Geometry/Meshes/1M_Cube.uasset" 134
"../../../JobInterviewVR/Content/VirtualRealityBP/Blueprints/BP_PickupCube.uasset" 135
"../../../Engine/Content/EngineMaterials/T_Default_Material_Grid_M.uasset" 136
"../../../Engine/Content/EngineMaterials/T_Default_Material_Grid_N.uasset" 137
"../../../Engine/Content/EngineMaterials/DefaultMaterial.uasset" 138
"../../../Engine/Content/BasicShapes/Cone.uasset" 139
"../../../Engine/Content/EngineMaterials/WorldGridMaterial.uasset" 140
"../../../Engine/Content/BasicShapes/Cube.uasset" 141
"../../../Engine/Content/EditorLandscapeResources/DataLayer.uasset" 142
"../../../Engine/Content/EditorMaterials/GizmoMaterial.uasset" 143
"../../../Engine/Content/EditorMaterials/MAT_Groups_Toggle.uasset" 144
"../../../Engine/Content/EditorMaterials/MAT_Groups_Visibility.uasset" 145
"../../../Engine/Content/EditorMaterials/PreviewShadowIndicator.uasset" 146
"../../../Engine/Content/EditorMaterials/PreviewShadowIndicatorMaterial.uasset" 147
"../../../Engine/Content/EditorMaterials/MatineeGroups/MAT_ColorTrack.uasset" 148
"../../../Engine/Content/EditorMaterials/MatineeGroups/MAT_Groups_Anim.uasset" 149
"../../../Engine/Content/EditorMaterials/MatineeGroups/MAT_Groups_AudioMaster.uasset" 150
"../../../Engine/Content/EditorMaterials/MatineeGroups/MAT_Groups_Director.uasset" 151
"../../../Engine/Content/EditorMaterials/MatineeGroups/MAT_Groups_Event.uasset" 152
"../../../Engine/Content/EditorMaterials/MatineeGroups/MAT_Groups_Fade.uasset" 153
"../../../Engine/Content/EditorMaterials/MatineeGroups/MAT_Groups_Float.uasset" 154
"../../../Engine/Content/EditorMaterials/MatineeGroups/MAT_Groups_Move.uasset" 155
"../../../Engine/Content/EditorMaterials/MatineeGroups/MAT_Groups_Slomo.uasset" 156
"../../../Engine/Content/EditorMaterials/MatineeGroups/MAT_Groups_Sound.uasset" 157
"../../../Engine/Content/EditorMaterials/MatineeGroups/MAT_Groups_Vector.uasset" 158
"../../../Engine/Content/EditorMaterials/ParticleSystems/PSysThumbnail_NoImage.uasset" 159
"../../../Engine/Content/EditorMaterials/ParticleSystems/PSysThumbnail_OOD.uasset" 160
"../../../Engine/Content/EditorMaterials/Camera/CineMat.uasset" 161
"../../../Engine/Content/EditorMaterials/Camera/MI_CineMat_Rig.uasset" 162
"../../../Engine/Content/EditorMeshes/Camera/SM_CraneRig_Arm.uasset" 163
"../../../Engine/Content/EditorMeshes/Camera/SM_CraneRig_Base.uasset" 164
"../../../Engine/Content/EditorMeshes/Camera/SM_CraneRig_Body.uasset" 165
"../../../Engine/Content/EditorMeshes/Camera/SM_CraneRig_Mount.uasset" 166
"../../../Engine/Content/EditorMeshes/Camera/SM_RailRig_Mount.uasset" 167
"../../../Engine/Content/EditorMeshes/Camera/SM_RailRig_Track.uasset" 168
"../../../Engine/Content/EditorMeshes/ColorCalibrator/M_ChromeBall.uasset" 169
"../../../Engine/Content/EditorMeshes/ColorCalibrator/M_ClearCoat.uasset" 170
"../../../Engine/Content/EditorMeshes/ColorCalibrator/M_ClearCoatBlack.uasset" 171
"../../../Engine/Content/EditorMeshes/ColorCalibrator/Color_checker.uasset" 172
"../../../Engine/Content/EditorMeshes/ColorCalibrator/M_ColorGrid.uasset" 173
"../../../Engine/Content/EditorMeshes/ColorCalibrator/M_GreyBall.uasset" 174
"../../../Engine/Content/EditorMeshes/ColorCalibrator/SM_ColorCalibrator.uasset" 175
"../../../Engine/Content/EditorResources/BSPVertex.uasset" 176
"../../../Engine/Content/EditorResources/EmptyActor.uasset" 177
"../../../Engine/Content/EditorResources/S_Actor.uasset" 178
"../../../Engine/Content/EditorResources/S_Trigger.uasset" 179
"../../../Engine/Content/EditorResources/AudioIcons/S_AudioComponent_AutoActivate.uasset" 180
"../../../Engine/Content/EditorResources/LightIcons/S_LightError.uasset" 181
"../../../Engine/Content/EditorResources/SequenceRecorder/Countdown.uasset" 182
"../../../Engine/Content/EditorResources/SequenceRecorder/RecordingIndicator.uasset" 183
"../../../Engine/Content/EditorSounds/Notifications/CompileFailed.uasset" 184
"../../../Engine/Content/EditorSounds/Notifications/CompileFailed_Cue.uasset" 185
"../../../Engine/Content/EditorSounds/Notifications/CompileSuccess.uasset" 186
"../../../Engine/Content/EditorSounds/Notifications/CompileStart_Cue.uasset" 187
"../../../Engine/Content/EditorSounds/Notifications/CompileSuccess_Cue.uasset" 188
"../../../Engine/Content/EngineDamageTypes/DmgTypeBP_Environmental.uasset" 189
"../../../Engine/Content/EngineDebugMaterials/HeatmapGradient.uasset" 190
"../../../Engine/Content/EngineDebugMaterials/BoneWeightMaterial.uasset" 191
"../../../Engine/Content/EngineDebugMaterials/ClothMaterial.uasset" 192
"../../../Engine/Content/EngineDebugMaterials/ClothMaterial_WF.uasset" 193
"../../../Engine/Content/EngineDebugMaterials/DebugEditorMaterial.uasset" 194
"../../../Engine/Content/EngineDebugMaterials/DebugMeshMaterial.uasset" 195
"../../../Engine/Content/EngineDebugMaterials/GeomMaterial.uasset" 196
"../../../Engine/Content/EngineFonts/Faces/RobotoBold.uasset" 197
"../../../Engine/Content/EngineFonts/Faces/RobotoBoldItalic.uasset" 198
"../../../Engine/Content/EngineFonts/Faces/RobotoItalic.uasset" 199
"../../../Engine/Content/EngineFonts/Faces/RobotoLight.uasset" 200
"../../../Engine/Content/EngineFonts/Faces/RobotoRegular.uasset" 201
"../../../Engine/Content/EngineFonts/Roboto.uasset" 202
"../../../Engine/Content/EngineFonts/Faces/RobotoTiny.uasset" 203
"../../../Engine/Content/EngineFonts/RobotoTiny.uasset" 204
"../../../Engine/Content/EngineMaterials/DefaultBloomKernel.uasset" 205
"../../../Engine/Content/EngineMaterials/DefaultBokeh.uasset" 206
"../../../Engine/Content/EngineMaterials/DefaultDiffuse.uasset" 207
"../../../Engine/Content/EngineMaterials/DefaultDeferredDecalMaterial.uasset" 208
"../../../Engine/Content/EngineMaterials/DefaultLightFunctionMaterial.uasset" 209
"../../../Engine/Content/EngineMaterials/DefaultPhysicalMaterial.uasset" 210
"../../../Engine/Content/Functions/Engine_MaterialFunctions02/Utility/BreakOutFloat2Components.uasset" 211
"../../../Engine/Content/EngineMaterials/DefaultPostProcessMaterial.uasset" 212
"../../../Engine/Content/EngineFonts/RobotoDistanceField.uasset" 213
"../../../Engine/Content/EngineMaterials/DefaultTextMaterialOpaque.uasset" 214
"../../../Engine/Content/EngineMaterials/DefaultWhiteGrid.uasset" 215
"../../../Engine/Content/EngineMaterials/EditorBrushMaterial.uasset" 216
"../../../Engine/Content/EngineMaterials/MiniFont.uasset" 217
"../../../Engine/Content/EngineMaterials/InvalidLightmapSettings.uasset" 218
"../../../Engine/Content/EngineMaterials/M_InvalidLightmapSettings.uasset" 219
"../../../Engine/Content/Functions/Engine_MaterialFunctions02/WorldPositionOffset/CameraOffset.uasset" 220
"../../../Engine/Content/EngineMaterials/PhAT_JointLimitMaterial.uasset" 221
"../../../Engine/Content/EngineMaterials/PreintegratedSkinBRDF.uasset" 222
"../../../Engine/Content/EngineMaterials/RemoveSurfaceMaterial.uasset" 223
"../../../Engine/Content/EngineMaterials/WeightMapPlaceholderTexture.uasset" 224
"../../../Engine/Content/EngineResources/WhiteSquareTexture.uasset" 225
"../../../Engine/Content/EngineMaterials/Widget3DPassThrough.uasset" 226
"../../../Engine/Content/EngineMaterials/Widget3DPassThrough_Masked.uasset" 227
"../../../Engine/Content/EngineMaterials/Widget3DPassThrough_Opaque.uasset" 228
"../../../Engine/Content/EngineMaterials/Widget3DPassThrough_Masked_OneSided.uasset" 229
"../../../Engine/Content/EngineMaterials/Widget3DPassThrough_Opaque_OneSided.uasset" 230
"../../../Engine/Content/EngineMaterials/Widget3DPassThrough_Translucent.uasset" 231
"../../../Engine/Content/EngineMaterials/Widget3DPassThrough_Translucent_OneSided.uasset" 232
"../../../Engine/Content/EngineMeshes/Cube.uasset" 233
"../../../Engine/Content/EngineMeshes/Cylinder.uasset" 234
"../../../Engine/Content/EngineMeshes/Sphere.uasset" 235
"../../../Engine/Content/EngineResources/Black.uasset" 236
"../../../Engine/Content/EngineResources/DefaultTexture.uasset" 237
"../../../Engine/Content/EngineResources/DefaultTextureCube.uasset" 238
"../../../Engine/Content/EngineResources/GradientTexture0.uasset" 239
"../../../Engine/Content/EngineSounds/Master.uasset" 240
"../../../Engine/Content/Functions/Engine_MaterialFunctions01/Shading/ConvertFromDiffSpec.uasset" 241
"../../../Engine/Content/Functions/Engine_MaterialFunctions01/Shading/PowerToRoughness.uasset" 242
"../../../Engine/Content/Maps/Templates/Thumbnails/Default.uasset" 243
"../../../Engine/Content/Maps/Templates/Thumbnails/VR-Basic.uasset" 244
"../../../Engine/Content/MobileResources/T_MobileControls_texture.uasset" 245
"../../../Engine/Content/MobileResources/T_MobileMenu2.uasset" 246
"../../../Engine/Content/MobileResources/HUD/AnalogHat.uasset" 247
"../../../Engine/Content/MobileResources/HUD/VirtualJoystick_Background.uasset" 248
"../../../Engine/Content/MobileResources/HUD/VirtualJoystick_Thumb.uasset" 249
"../../../Engine/Content/MobileResources/HUD/DefaultVirtualJoysticks.uasset" 250
"../../../Engine/Content/MobileResources/HUD/LeftVirtualJoystickOnly.uasset" 251
"../../../Engine/Content/MobileResources/HUD/MobileHUDButton1_off.uasset" 252
"../../../Engine/Content/MobileResources/HUD/MobileHUDButton1_on.uasset" 253
"../../../Engine/Content/MobileResources/HUD/MobileHUDButton2_off.uasset" 254
"../../../Engine/Content/MobileResources/HUD/MobileHUDButton2_on.uasset" 255
"../../../Engine/Content/MobileResources/HUD/MobileHUDButton3.uasset" 256
"../../../Engine/Content/MobileResources/HUD/MobileHUDButtonFire.uasset" 257
"../../../Engine/Content/MobileResources/HUD/MobileHUDDirectionPad.uasset" 258
"../../../Engine/Content/MobileResources/HUD/MobileHUDDirectionPad2.uasset" 259
"../../../Engine/Content/MobileResources/HUD/MobileHUDDirectionPad3.uasset" 260
"../../../Engine/Content/MobileResources/HUD/MobileHUDDirectionStick.uasset" 261
"../../../Engine/Content/MobileResources/HUD/T_Castle_ThumbstickInner.uasset" 262
"../../../Engine/Content/MobileResources/HUD/T_Castle_ThumbstickOutter.uasset" 263
"../../../Engine/Content/Tutorial/ContentIntroCurve.uasset" 264
"../../../Engine/Content/Tutorial/Basics/TutorialAssets/icon_tab_Levels_40x.uasset" 265
"../../../Engine/Content/Tutorial/BlueprintTutorials/TutorialAssets/BlueprintInterface_64x.uasset" 266
"../../../Engine/Content/Tutorial/BlueprintTutorials/TutorialAssets/BlueprintMacroLibrary_64x.uasset" 267
"../../../Engine/Content/Tutorial/BlueprintTutorials/TutorialAssets/Blueprint_64x.uasset" 268
"../../../Engine/Content/Tutorial/BlueprintTutorials/TutorialAssets/Tutorial_BP_Interface.uasset" 269
"../../../Engine/Content/Tutorial/Foliage/TutorialAssets/Foliage.uasset" 270
"../../../Engine/Content/Tutorial/Landscape/TutorialAssets/Landscape.uasset" 271
"../../../Engine/Content/Tutorial/Paper2D/TutorialAssets/Paper2DFlipbook_TutorialIcon.uasset" 272
"../../../Engine/Content/Tutorial/Paper2D/TutorialAssets/Paper2DSprite_TutorialIcon.uasset" 273
"../../../Engine/Content/Tutorial/SubEditors/TutorialAssets/icon_Editor_Preferences_General_40x.uasset" 274
"../../../Engine/Content/Tutorial/SubEditors/TutorialAssets/icon_ShowSkeletalMeshes_40x.uasset" 275
"../../../Engine/Content/Tutorial/SubEditors/TutorialAssets/TutorialMaterial.uasset" 276
"../../../Engine/Content/Tutorial/SubEditors/TutorialAssets/T_SmokeSubUV_8X8.uasset" 277
"../../../Engine/Content/Tutorial/SubEditors/TutorialAssets/T_soft_smoke.uasset" 278
"../../../Engine/Content/Tutorial/SubEditors/TutorialAssets/M_smoke_subUV_blackbody.uasset" 279
"../../../Engine/Content/Tutorial/SubEditors/TutorialAssets/TutorialParticleSystem.uasset" 280
"../../../Engine/Content/VREditor/Devices/Generic/GenericHMDMaterial.uasset" 281
"../../../Engine/Content/VREditor/Devices/Generic/GenericHMD.uasset" 282
"../../../Engine/Content/VREditor/FloatingText/LineMaterial.uasset" 283
"../../../Engine/Content/VREditor/FloatingText/JointSphere.uasset" 284
"../../../Engine/Content/VREditor/FloatingText/LineSegmentCylinder.uasset" 285
"../../../Engine/Content/VREditor/Fonts/VRText_RobotoLarge.uasset" 286
"../../../Engine/Content/VREditor/Fonts/VRTextMaterial.uasset" 287
"../../../Engine/Content/VREditor/Fonts/TranslucentVRTextMaterial.uasset" 288
"../../../Engine/Content/VREditor/LaserPointer/CursorPointer.uasset" 289
"../../../Engine/Content/VREditor/LaserPointer/VR_LaserPower_01.uasset" 290
"../../../Engine/Content/VREditor/TransformGizmo/TransformGizmoMaterial.uasset" 291
"../../../Engine/Content/VREditor/LaserPointer/HoverMaterial.uasset" 292
"../../../Engine/Content/VREditor/TransformGizmo/TranslucentTransformGizmoMaterial.uasset" 293
"../../../Engine/Content/VREditor/LaserPointer/TranslucentHoverMaterial.uasset" 294
"../../../Engine/Content/VREditor/LaserPointer/HoverMesh.uasset" 295
"../../../Engine/Content/VREditor/LaserPointer/LaserPointerMaterial.uasset" 296
"../../../Engine/Content/VREditor/LaserPointer/LaserPointerMaterialInst.uasset" 297
"../../../Engine/Content/VREditor/LaserPointer/TranslucentLaserPointerMaterialInst.uasset" 298
"../../../Engine/Content/VREditor/LaserPointer/LaserPointerMesh.uasset" 299
"../../../Engine/Content/VREditor/LaserPointer/LaserPointerMesh_End.uasset" 300
"../../../Engine/Content/VREditor/LaserPointer/LaserPointerMesh_Start.uasset" 301
"../../../Engine/Content/Functions/Engine_MaterialFunctions02/Utility/BreakOutFloat3Components.uasset" 302
"../../../Engine/Content/Functions/Engine_MaterialFunctions02/Math/Transform3x3Matrix.uasset" 303
"../../../Engine/Content/Functions/Engine_MaterialFunctions02/SplitComponents.uasset" 304
"../../../Engine/Content/Functions/Engine_MaterialFunctions02/Utility/MakeFloat3.uasset" 305
"../../../Engine/Content/VREditor/SnapGrid/SnapGridMaterial.uasset" 306
"../../../Engine/Content/VREditor/SnapGrid/SnapGridPlaneMesh.uasset" 307
"../../../Engine/Content/VREditor/Sounds/VR_teleport.uasset" 308
"../../../Engine/Content/VREditor/Sounds/UI/Click_on_Button_Cue.uasset" 309
"../../../Engine/Content/VREditor/Sounds/UI/Dockable_Window_Close.uasset" 310
"../../../Engine/Content/VREditor/Sounds/UI/Dockable_Window_Drop.uasset" 311
"../../../Engine/Content/VREditor/Sounds/UI/Dockable_Window_Open.uasset" 312
"../../../Engine/Content/VREditor/Sounds/UI/Dockable_Window_Pick_Up.uasset" 313
"../../../Engine/Content/VREditor/Sounds/UI/Drop_Item_From_ContentBrowser.uasset" 314
"../../../Engine/Content/VREditor/Sounds/UI/Floating_UI_Open-001.uasset" 315
"../../../Engine/Content/VREditor/Sounds/UI/Gizmo_Handle_Clicked.uasset" 316
"../../../Engine/Content/VREditor/Sounds/UI/Object_PickUp.uasset" 317
"../../../Engine/Content/VREditor/Sounds/UI/Object_Snaps_To_Another_Actor.uasset" 318
"../../../Engine/Content/VREditor/Sounds/UI/Object_Snaps_To_Grid.uasset" 319
"../../../Engine/Content/VREditor/Sounds/UI/Radial_Menu_FadeOut.uasset" 320
"../../../Engine/Content/VREditor/Sounds/UI/Scaling_Down.uasset" 321
"../../../Engine/Content/VREditor/Sounds/UI/Scaling_Up.uasset" 322
"../../../Engine/Content/VREditor/Sounds/UI/Selection_Changes.uasset" 323
"../../../Engine/Content/VREditor/Sounds/UI/Teleport_Mode_Entered.uasset" 324
"../../../Engine/Content/VREditor/Teleport/TeleportDirectionMaterial.uasset" 325
"../../../Engine/Content/VREditor/Teleport/TeleportDirectionMaterial_Inst.uasset" 326
"../../../Engine/Content/VREditor/Teleport/TeleportDirectionMesh.uasset" 327
"../../../Engine/Content/VREditor/TransformGizmo/BoundingBoxCorner.uasset" 328
"../../../Engine/Content/VREditor/TransformGizmo/BoundingBoxEdge.uasset" 329
"../../../Engine/Content/VREditor/TransformGizmo/PlaneTranslationHandle.uasset" 330
"../../../Engine/Content/VREditor/TransformGizmo/RotationHandleFull.uasset" 331
"../../../Engine/Content/VREditor/TransformGizmo/RotationHandleIndicator.uasset" 332
"../../../Engine/Content/VREditor/TransformGizmo/RotationHandleQuarter.uasset" 333
"../../../Engine/Content/VREditor/TransformGizmo/Main.uasset" 334
"../../../Engine/Content/VREditor/TransformGizmo/Xray.uasset" 335
"../../../Engine/Content/VREditor/TransformGizmo/SM_Dialog_Close.uasset" 336
"../../../Engine/Content/VREditor/TransformGizmo/SM_Dialog_Move.uasset" 337
"../../../Engine/Content/VREditor/TransformGizmo/SM_Sequencer_Key.uasset" 338
"../../../Engine/Content/VREditor/TransformGizmo/SM_Sequencer_Node.uasset" 339
"../../../Engine/Content/VREditor/TransformGizmo/StartRotationHandleIndicator.uasset" 340
"../../../Engine/Content/VREditor/TransformGizmo/TranslucentTransformGizmoMaterial_Inst.uasset" 341
"../../../Engine/Content/VREditor/TransformGizmo/TransformGizmoFreeRotation.uasset" 342
"../../../Engine/Content/VREditor/TransformGizmo/TransformGizmoMaterial_Inst.uasset" 343
"../../../Engine/Content/VREditor/TransformGizmo/TranslateArrowHandle.uasset" 344
"../../../Engine/Content/VREditor/TransformGizmo/UniformScaleHandle.uasset" 345
"../../../Engine/Content/VREditor/UI/KeyDiskMaterial.uasset" 346
"../../../Engine/Content/VREditor/UI/DiscMaterial.uasset" 347
"../../../Engine/Content/VREditor/UI/SM_Radial_Disk.uasset" 348
"../../../Engine/Content/Functions/Engine_MaterialFunctions01/Gradient/RadialGradient.uasset" 349
"../../../Engine/Content/VREditor/WorldMovementGrid/SimpleGrid.uasset" 350
"../../../Engine/Content/VREditor/WorldMovementGrid/GridMaterial.uasset" 351
"../../../Engine/Content/Functions/Engine_MaterialFunctions01/Density/ExponentialDensity.uasset" 352
"../../../Engine/Content/VREditor/WorldMovementGrid/GridPostProcess.uasset" 353
"../../../Engine/Content/EditorLandscapeResources/FlattenHeightMat.uasset" 354
"../../../Engine/Content/VREditor/WorldMovementGrid/PlaneMesh.uasset" 355
"../../../Engine/Plugins/2D/Paper2D/Content/PlaceholderTextures/DummySpriteTexture.uasset" 356
"../../../Engine/Plugins/2D/Paper2D/Content/DummySprite.uasset" 357
"../../../Engine/Plugins/2D/Paper2D/Content/DefaultPaperTerrainMaterial.uasset" 358
"../../../Engine/Plugins/2D/Paper2D/Content/DefaultSpriteMaterial.uasset" 359
"../../../Engine/Plugins/2D/Paper2D/Content/MaskedUnlitSpriteMaterial.uasset" 360
"../../../Engine/Plugins/2D/Paper2D/Content/OpaqueUnlitSpriteMaterial.uasset" 361
"../../../Engine/Plugins/Media/MediaCompositing/Content/DefaultMediaPlaneMaterial.uasset" 362
"../../../Engine/Content/Functions/Engine_MaterialFunctions02/Utility/MakeFloat4.uasset" 363
"../../../Engine/Plugins/Runtime/AppleARKit/Content/ARKitCameraMaterial.uasset" 364
"../../../Engine/Plugins/Runtime/Oculus/OculusVR/Content/Textures/GearVRController_AO.uasset" 365
"../../../Engine/Plugins/Runtime/Oculus/OculusVR/Content/Textures/GearVRController_Color.uasset" 366
"../../../Engine/Plugins/Runtime/Oculus/OculusVR/Content/Textures/GearVRController_Normal.uasset" 367
"../../../Engine/Plugins/Runtime/Oculus/OculusVR/Content/Materials/GearVRControllerMaterial.uasset" 368
"../../../Engine/Plugins/Runtime/Oculus/OculusVR/Content/Meshes/GearVrController.uasset" 369
"../../../Engine/Content/Functions/Engine_MaterialFunctions01/Texturing/ScaleUVsByCenter.uasset" 370
"../../../Engine/Content/Functions/Engine_MaterialFunctions02/ScreenResolution.uasset" 371
"../../../Engine/Content/Functions/Engine_MaterialFunctions02/Texturing/ScreenAlignedUVs.uasset" 372
"../../../Engine/Content/Functions/Engine_MaterialFunctions02/Utility/CameraDirectionVector.uasset" 373
"../../../Engine/Content/Functions/Engine_MaterialFunctions02/Utility/DepthFromWorldPosition.uasset" 374
"../../../JobInterviewVR/Content/VirtualReality/Materials/MF_OccludedPixels.uasset" 375
"../../../JobInterviewVR/Content/VirtualReality/Materials/TeleportMCP.uasset" 376
"../../../Engine/Content/EngineMaterials/Good64x64TilingNoiseHighFreq.uasset" 377
"../../../JobInterviewVR/Content/VirtualReality/Materials/M_ArcEndpoint.uasset" 378
"../../../JobInterviewVR/Content/VirtualReality/Materials/M_TeleportPreviews.uasset" 379
"../../../JobInterviewVR/Content/VirtualReality/Materials/MI_TeleportCylinderPreview.uasset" 380
"../../../Engine/Content/BasicShapes/Cylinder.uasset" 381
"../../../JobInterviewVR/Content/VirtualReality/Meshes/BeaconDirection.uasset" 382
"../../../JobInterviewVR/Content/VirtualReality/Meshes/SM_FatCylinder.uasset" 383
"../../../JobInterviewVR/Content/VirtualRealityBP/Blueprints/HMDLocomotionPawn.uasset" 384
"../../../Engine/Content/EditorBlueprintResources/StandardMacros.uasset" 385
"../../../Engine/Content/EngineSky/C_Sky_Cloud_Color.uasset" 386
"../../../Engine/Content/EngineSky/C_Sky_Horizon_Color.uasset" 387
"../../../Engine/Content/EngineSky/C_Sky_Zenith_Color.uasset" 388
"../../../Engine/Content/EngineSky/T_Sky_Blue.uasset" 389
"../../../Engine/Content/EngineSky/T_Sky_Clouds_M.uasset" 390
"../../../Engine/Content/EngineSky/T_Sky_Stars.uasset" 391
"../../../Engine/Content/EngineSky/M_Sky_Panning_Clouds2.uasset" 392
"../../../Engine/Content/EngineSky/SM_SkySphere.uasset" 393
"../../../Engine/Content/EngineSky/BP_Sky_Sphere.uasset" 394
"../../../JobInterviewVR/Content/VirtualReality/Materials/MI_BaseMaterial2.uasset" 395
"../../../JobInterviewVR/Content/VirtualReality/Materials/MI_BaseMaterial3.uasset" 396
"../../../JobInterviewVR/Content/VirtualRealityBP/Maps/HMDLocomotionMap.umap" 397
"../../../JobInterviewVR/Content/goodJob.uasset" 398
"../../../JobInterviewVR/Content/Boss/580b585b2edbce24c47b29d7.uasset" 399
"../../../JobInterviewVR/Content/Boss/Boss-Image-400.uasset" 400
"../../../JobInterviewVR/Content/Boss/Boss_mat.uasset" 401
"../../../Engine/Content/BasicShapes/Plane.uasset" 402
"../../../JobInterviewVR/Content/sounds/good.uasset" 403
"../../../JobInterviewVR/Content/Boss/Boss.uasset" 404
"../../../Engine/Content/BasicShapes/BasicShapeMaterial.uasset" 405
"../../../JobInterviewVR/Content/Mats/coffee-froth-16707615.uasset" 406
"../../../JobInterviewVR/Content/Mats/Coffee.uasset" 407
"../../../JobInterviewVR/Content/Mats/cup.uasset" 408
"../../../Engine/Content/BasicShapes/Sphere.uasset" 409
"../../../JobInterviewVR/Content/Cup.uasset" 410
"../../../JobInterviewVR/Content/VirtualReality/Mannequin/Character/Mesh/MannequinHand_Right_Skeleton.uasset" 411
"../../../JobInterviewVR/Content/VirtualReality/Mannequin/Animations/MannequinHand_Right_CanGrab.uasset" 412
"../../../JobInterviewVR/Content/VirtualReality/Mannequin/Animations/MannequinHand_Right_Grab.uasset" 413
"../../../JobInterviewVR/Content/VirtualReality/Mannequin/Animations/MannequinHand_Right_Open.uasset" 414
"../../../JobInterviewVR/Content/VirtualReality/Mannequin/Animations/RightGrip_BS.uasset" 415
"../../../JobInterviewVR/Content/VirtualRealityBP/Blueprints/GripEnum.uasset" 416
"../../../JobInterviewVR/Content/VirtualReality/Mannequin/Animations/RightHand_AnimBP.uasset" 417
"../../../JobInterviewVR/Content/VirtualRealityBP/Blueprints/MotionControllerHaptics.uasset" 418
"../../../JobInterviewVR/Content/VirtualReality/Materials/M_SplineArcMat.uasset" 419
"../../../JobInterviewVR/Content/VirtualReality/Materials/MI_ChaperoneOutline.uasset" 420
"../../../JobInterviewVR/Content/VirtualReality/Mannequin/Character/Textures/UE4_Mannequin__normals.uasset" 421
"../../../JobInterviewVR/Content/VirtualReality/Mannequin/Character/Textures/UE4_Mannequin_MAT_MASKA.uasset" 422
"../../../JobInterviewVR/Content/VirtualReality/Mannequin/Character/Materials/M_HandMat.uasset" 423
"../../../JobInterviewVR/Content/VirtualReality/Mannequin/Character/Mesh/MannequinHand_Right_PhysicsAsset.uasset" 424
"../../../JobInterviewVR/Content/VirtualReality/Mannequin/Character/Mesh/MannequinHand_Right.uasset" 425
"../../../JobInterviewVR/Content/VirtualReality/Meshes/1x1_cube.uasset" 426
"../../../JobInterviewVR/Content/VirtualReality/Meshes/BeamMesh.uasset" 427
"../../../JobInterviewVR/Content/VirtualRealityBP/Blueprints/BP_MotionController.uasset" 428
"../../../JobInterviewVR/Content/VirtualRealityBP/Blueprints/MotionControllerPawn.uasset" 429
"../../../JobInterviewVR/Content/DialogueSystem/DialogueStructure.uasset" 430
"../../../JobInterviewVR/Content/DialogueSystem/DialogueTest_-_Sheet1.uasset" 431
"../../../JobInterviewVR/Content/VirtualRealityBP/Maps/MotionControllerMap_BuiltData.uasset" 432
"../../../JobInterviewVR/Content/Mats/carpet.uasset" 433
"../../../JobInterviewVR/Content/Mats/floor.uasset" 434
"../../../JobInterviewVR/Content/StarterContent/Materials/M_Basic_Wall.uasset" 435
"../../../JobInterviewVR/Content/StarterContent/Materials/M_Metal_Chrome.uasset" 436
"../../../JobInterviewVR/Content/StarterContent/Textures/T_Wood_Oak_D.uasset" 437
"../../../JobInterviewVR/Content/StarterContent/Textures/T_Wood_Oak_N.uasset" 438
"../../../JobInterviewVR/Content/StarterContent/Materials/M_Wood_Oak.uasset" 439
"../../../JobInterviewVR/Content/hello.uasset" 440
"../../../JobInterviewVR/Content/sounds/Quiet-Office-Ambience-Sound-FX.uasset" 441
"../../../JobInterviewVR/Content/sounds/background.uasset" 442
"../../../JobInterviewVR/Content/VirtualRealityBP/Maps/MotionControllerMap.umap" 443
"../../../JobInterviewVR/Content/VirtualReality/Materials/GenericHMDMaterial.uasset" 444
"../../../Engine/Content/MapTemplates/Sky/DaylightAmbientCubemap.uasset" 445
"../../../JobInterviewVR/Content/VirtualReality/Meshes/GenericHMD.uasset" 446
"../../../JobInterviewVR/Content/VirtualRealityBP/Maps/StartupMap.umap" 447
"../../../Engine/Content/Maps/Entry.umap" 448
